<?xml version="1.0" encoding="UTF-8"?>
<testsuite xmlns:xsi="http://www.w3.org/2001/XMLSchema-instance" xsi:noNamespaceSchemaLocation="https://maven.apache.org/surefire/maven-surefire-plugin/xsd/surefire-test-report-3.0.xsd" version="3.0" name="com.vs.MainTest" time="0.067" tests="1" errors="0" skipped="0" failures="0">
  <properties>
    <property name="java.specification.version" value="17"/>
    <property name="sun.cpu.isalist" value="amd64"/>
    <property name="sun.jnu.encoding" value="GBK"/>
    <property name="java.class.path" value="D:\Code\java\_2024_6_19\target\test-classes;D:\Code\java\_2024_6_19\target\classes;D:\App\Java\Maven\apache-maven-3.9.8\mvn_repo\ch\qos\logback\logback-classic\1.2.11\logback-classic-1.2.11.jar;D:\App\Java\Maven\apache-maven-3.9.8\mvn_repo\ch\qos\logback\logback-core\1.2.11\logback-core-1.2.11.jar;D:\App\Java\Maven\apache-maven-3.9.8\mvn_repo\org\slf4j\slf4j-api\1.7.32\slf4j-api-1.7.32.jar;D:\App\Java\Maven\apache-maven-3.9.8\mvn_repo\junit\junit\4.13.2\junit-4.13.2.jar;D:\App\Java\Maven\apache-maven-3.9.8\mvn_repo\org\hamcrest\hamcrest-core\1.3\hamcrest-core-1.3.jar;"/>
    <property name="java.vm.vendor" value="Oracle Corporation"/>
    <property name="sun.arch.data.model" value="64"/>
    <property name="user.variant" value=""/>
    <property name="java.vendor.url" value="https://java.oracle.com/"/>
    <property name="user.timezone" value="Asia/Shanghai"/>
    <property name="os.name" value="Windows 11"/>
    <property name="java.vm.specification.version" value="17"/>
    <property name="sun.java.launcher" value="SUN_STANDARD"/>
    <property name="user.country" value="CN"/>
    <property name="sun.boot.library.path" value="D:\App\Java\bin"/>
    <property name="sun.java.command" value="C:\Users\Shiki\AppData\Local\Temp\surefire18176360070029968371\surefirebooter-20240618120018798_3.jar C:\Users\Shiki\AppData\Local\Temp\surefire18176360070029968371 2024-06-18T12-00-18_568-jvmRun1 surefire-20240618120018798_1tmp surefire_0-20240618120018798_2tmp"/>
    <property name="jdk.debug" value="release"/>
    <property name="surefire.test.class.path" value="D:\Code\java\_2024_6_19\target\test-classes;D:\Code\java\_2024_6_19\target\classes;D:\App\Java\Maven\apache-maven-3.9.8\mvn_repo\ch\qos\logback\logback-classic\1.2.11\logback-classic-1.2.11.jar;D:\App\Java\Maven\apache-maven-3.9.8\mvn_repo\ch\qos\logback\logback-core\1.2.11\logback-core-1.2.11.jar;D:\App\Java\Maven\apache-maven-3.9.8\mvn_repo\org\slf4j\slf4j-api\1.7.32\slf4j-api-1.7.32.jar;D:\App\Java\Maven\apache-maven-3.9.8\mvn_repo\junit\junit\4.13.2\junit-4.13.2.jar;D:\App\Java\Maven\apache-maven-3.9.8\mvn_repo\org\hamcrest\hamcrest-core\1.3\hamcrest-core-1.3.jar;"/>
    <property name="sun.cpu.endian" value="little"/>
    <property name="user.home" value="C:\Users\Shiki"/>
    <property name="user.language" value="zh"/>
    <property name="java.specification.vendor" value="Oracle Corporation"/>
    <property name="java.version.date" value="2024-04-16"/>
    <property name="java.home" value="D:\App\Java"/>
    <property name="file.separator" value="\"/>
    <property name="basedir" value="D:\Code\java\_2024_6_19"/>
    <property name="java.vm.compressedOopsMode" value="Zero based"/>
    <property name="line.separator" value="&#10;"/>
    <property name="java.vm.specification.vendor" value="Oracle Corporation"/>
    <property name="java.specification.name" value="Java Platform API Specification"/>
    <property name="surefire.real.class.path" value="C:\Users\Shiki\AppData\Local\Temp\surefire18176360070029968371\surefirebooter-20240618120018798_3.jar"/>
    <property name="user.script" value=""/>
    <property name="sun.management.compiler" value="HotSpot 64-Bit Tiered Compilers"/>
    <property name="java.runtime.version" value="17.0.11+7-LTS-207"/>
    <property name="user.name" value="Shiki"/>
    <property name="path.separator" value=";"/>
    <property name="os.version" value="10.0"/>
    <property name="java.runtime.name" value="Java(TM) SE Runtime Environment"/>
    <property name="file.encoding" value="GBK"/>
    <property name="java.vm.name" value="Java HotSpot(TM) 64-Bit Server VM"/>
    <property name="localRepository" value="D:\App\Java\Maven\apache-maven-3.9.8\mvn_repo"/>
    <property name="java.vendor.url.bug" value="https://bugreport.java.com/bugreport/"/>
    <property name="java.io.tmpdir" value="C:\Users\Shiki\AppData\Local\Temp\"/>
    <property name="idea.version" value="2022.3.2"/>
    <property name="java.version" value="17.0.11"/>
    <property name="user.dir" value="D:\Code\java\_2024_6_19"/>
    <property name="os.arch" value="amd64"/>
    <property name="java.vm.specification.name" value="Java Virtual Machine Specification"/>
    <property name="sun.os.patch.level" value=""/>
    <property name="native.encoding" value="GBK"/>
    <property name="java.library.path" value="D:\App\Java\bin;C:\Windows\Sun\Java\bin;C:\Windows\system32;C:\Windows;C:\Program Files\Common Files\Oracle\Java\javapath;D:\App\python\Scripts\;D:\App\python\;C:\Program Files (x86)\Razer Chroma SDK\bin;C:\Program Files\Razer Chroma SDK\bin;C:\Program Files (x86)\Razer\ChromaBroadcast\bin;C:\Program Files\Razer\ChromaBroadcast\bin;C:\Windows\system32;C:\Windows;C:\Windows\System32\Wbem;C:\Windows\System32\WindowsPowerShell\v1.0\;C:\Windows\System32\OpenSSH\;C:\Program Files (x86)\NVIDIA Corporation\PhysX\Common;C:\Program Files\NVIDIA Corporation\NVIDIA NvDLISR;C:\Program Files\dotnet\;D:\App\BandiZip\;C:\Program Files\TortoiseGit\bin;C:\Windows\system32\config\systemprofile\AppData\Local\Microsoft\WindowsApps;D:\App\Xshell\;D:\App\CMake\bin;C:\Program Files\Microsoft SQL Server\Client SDK\ODBC\170\Tools\Binn\;C:\Program Files\Git\cmd;%MYSQL_HOME%;%MYSQL_HOME%\bin;D:\App\mysql\mysql-8.0.31-winx64\bin;C:\Program Files (x86)\Windows Kits\10\Windows Performance Toolkit\;D:\App\Qt;D:\App\Qt\5.15.2\msvc2019_64\bin;D:\App\torroisesSVN\bin;C:\Program Files\nodejs\;C:\Program Files\PowerShell\7\;C:\Program Files (x86)\IVI Foundation\VISA\WinNT\Bin\;C:\Program Files\IVI Foundation\VISA\Win64\Bin\;D:\App\Java\Maven\apache-maven-3.9.8\bin;C:\Users\Shiki\.console-ninja\.bin;D:\App\cocos2d-x\cocos2d-x-3.17.2\cocos2d-x-3.17.2\templates;D:\App\cocos2d-x\cocos2d-x-3.17.2\cocos2d-x-3.17.2\tools\cocos2d-console\bin;C:\Users\Shiki\AppData\Local\Microsoft\WindowsApps;D:\App\VScode\Microsoft VS Code\bin;C:\Users\Shiki\.dotnet\tools;%CLion%;D:\App\Qt;D:\App\Qt\5.15.2\mingw81_64\bin;D:\App\Qt\5.15.2\msvc2019_64\bin;C:\Program Files\nodejs\node_modules\npm\bin;;D:\App\Java\IDEA\IntelliJ IDEA 2022.3.2\bin;;."/>
    <property name="java.vm.info" value="mixed mode, sharing"/>
    <property name="java.vendor" value="Oracle Corporation"/>
    <property name="java.vm.version" value="17.0.11+7-LTS-207"/>
    <property name="sun.io.unicode.encoding" value="UnicodeLittle"/>
    <property name="java.class.version" value="61.0"/>
  </properties>
  <testcase name="test" classname="com.vs.MainTest" time="0.008">
    <system-out><![CDATA[hello test
]]></system-out>
  </testcase>
</testsuite>