<?xml version="1.0" encoding="UTF-8"?>
<testsuite xmlns:xsi="http://www.w3.org/2001/XMLSchema-instance" xsi:noNamespaceSchemaLocation="https://maven.apache.org/surefire/maven-surefire-plugin/xsd/surefire-test-report-3.0.xsd" version="3.0" name="com.vs.utils.RedisUtilTest" time="0.069" tests="1" errors="0" skipped="0" failures="0">
  <properties>
    <property name="java.specification.version" value="17"/>
    <property name="sun.jnu.encoding" value="UTF-8"/>
    <property name="java.class.path" value="/home/zhaocx/github/Java-Repo/projects/myemc_gms/myemc_gms_parent/myemc_gms_main/target/test-classes:/home/zhaocx/github/Java-Repo/projects/myemc_gms/myemc_gms_parent/myemc_gms_main/target/classes:/home/zhaocx/.m2/repository/org/springframework/boot/spring-boot-starter-web/3.3.2/spring-boot-starter-web-3.3.2.jar:/home/zhaocx/.m2/repository/org/springframework/boot/spring-boot-starter/3.3.2/spring-boot-starter-3.3.2.jar:/home/zhaocx/.m2/repository/org/springframework/boot/spring-boot/3.3.2/spring-boot-3.3.2.jar:/home/zhaocx/.m2/repository/org/springframework/boot/spring-boot-starter-logging/3.3.2/spring-boot-starter-logging-3.3.2.jar:/home/zhaocx/.m2/repository/ch/qos/logback/logback-classic/1.5.6/logback-classic-1.5.6.jar:/home/zhaocx/.m2/repository/ch/qos/logback/logback-core/1.5.6/logback-core-1.5.6.jar:/home/zhaocx/.m2/repository/org/apache/logging/log4j/log4j-to-slf4j/2.23.1/log4j-to-slf4j-2.23.1.jar:/home/zhaocx/.m2/repository/org/apache/logging/log4j/log4j-api/2.23.1/log4j-api-2.23.1.jar:/home/zhaocx/.m2/repository/org/slf4j/jul-to-slf4j/2.0.13/jul-to-slf4j-2.0.13.jar:/home/zhaocx/.m2/repository/jakarta/annotation/jakarta.annotation-api/2.1.1/jakarta.annotation-api-2.1.1.jar:/home/zhaocx/.m2/repository/org/springframework/boot/spring-boot-starter-json/3.3.2/spring-boot-starter-json-3.3.2.jar:/home/zhaocx/.m2/repository/com/fasterxml/jackson/datatype/jackson-datatype-jdk8/2.17.2/jackson-datatype-jdk8-2.17.2.jar:/home/zhaocx/.m2/repository/com/fasterxml/jackson/datatype/jackson-datatype-jsr310/2.17.2/jackson-datatype-jsr310-2.17.2.jar:/home/zhaocx/.m2/repository/com/fasterxml/jackson/module/jackson-module-parameter-names/2.17.2/jackson-module-parameter-names-2.17.2.jar:/home/zhaocx/.m2/repository/org/springframework/boot/spring-boot-starter-tomcat/3.3.2/spring-boot-starter-tomcat-3.3.2.jar:/home/zhaocx/.m2/repository/org/apache/tomcat/embed/tomcat-embed-core/10.1.26/tomcat-embed-core-10.1.26.jar:/home/zhaocx/.m2/repository/org/apache/tomcat/embed/tomcat-embed-el/10.1.26/tomcat-embed-el-10.1.26.jar:/home/zhaocx/.m2/repository/org/apache/tomcat/embed/tomcat-embed-websocket/10.1.26/tomcat-embed-websocket-10.1.26.jar:/home/zhaocx/.m2/repository/org/springframework/spring-web/6.1.11/spring-web-6.1.11.jar:/home/zhaocx/.m2/repository/org/springframework/spring-beans/6.1.11/spring-beans-6.1.11.jar:/home/zhaocx/.m2/repository/io/micrometer/micrometer-observation/1.13.2/micrometer-observation-1.13.2.jar:/home/zhaocx/.m2/repository/io/micrometer/micrometer-commons/1.13.2/micrometer-commons-1.13.2.jar:/home/zhaocx/.m2/repository/org/springframework/spring-webmvc/6.1.11/spring-webmvc-6.1.11.jar:/home/zhaocx/.m2/repository/org/springframework/spring-context/6.1.11/spring-context-6.1.11.jar:/home/zhaocx/.m2/repository/org/springframework/spring-expression/6.1.11/spring-expression-6.1.11.jar:/home/zhaocx/.m2/repository/org/springframework/boot/spring-boot-starter-test/3.3.2/spring-boot-starter-test-3.3.2.jar:/home/zhaocx/.m2/repository/org/springframework/boot/spring-boot-test/3.3.2/spring-boot-test-3.3.2.jar:/home/zhaocx/.m2/repository/org/springframework/boot/spring-boot-test-autoconfigure/3.3.2/spring-boot-test-autoconfigure-3.3.2.jar:/home/zhaocx/.m2/repository/com/jayway/jsonpath/json-path/2.9.0/json-path-2.9.0.jar:/home/zhaocx/.m2/repository/jakarta/xml/bind/jakarta.xml.bind-api/4.0.2/jakarta.xml.bind-api-4.0.2.jar:/home/zhaocx/.m2/repository/jakarta/activation/jakarta.activation-api/2.1.3/jakarta.activation-api-2.1.3.jar:/home/zhaocx/.m2/repository/net/minidev/json-smart/2.5.1/json-smart-2.5.1.jar:/home/zhaocx/.m2/repository/net/minidev/accessors-smart/2.5.1/accessors-smart-2.5.1.jar:/home/zhaocx/.m2/repository/org/ow2/asm/asm/9.6/asm-9.6.jar:/home/zhaocx/.m2/repository/org/assertj/assertj-core/3.25.3/assertj-core-3.25.3.jar:/home/zhaocx/.m2/repository/org/awaitility/awaitility/4.2.1/awaitility-4.2.1.jar:/home/zhaocx/.m2/repository/org/hamcrest/hamcrest/2.2/hamcrest-2.2.jar:/home/zhaocx/.m2/repository/org/junit/jupiter/junit-jupiter/5.10.3/junit-jupiter-5.10.3.jar:/home/zhaocx/.m2/repository/org/junit/jupiter/junit-jupiter-params/5.10.3/junit-jupiter-params-5.10.3.jar:/home/zhaocx/.m2/repository/org/junit/jupiter/junit-jupiter-engine/5.10.3/junit-jupiter-engine-5.10.3.jar:/home/zhaocx/.m2/repository/org/junit/platform/junit-platform-engine/1.10.3/junit-platform-engine-1.10.3.jar:/home/zhaocx/.m2/repository/org/mockito/mockito-core/5.11.0/mockito-core-5.11.0.jar:/home/zhaocx/.m2/repository/net/bytebuddy/byte-buddy-agent/1.14.18/byte-buddy-agent-1.14.18.jar:/home/zhaocx/.m2/repository/org/objenesis/objenesis/3.3/objenesis-3.3.jar:/home/zhaocx/.m2/repository/org/mockito/mockito-junit-jupiter/5.11.0/mockito-junit-jupiter-5.11.0.jar:/home/zhaocx/.m2/repository/org/skyscreamer/jsonassert/1.5.3/jsonassert-1.5.3.jar:/home/zhaocx/.m2/repository/com/vaadin/external/google/android-json/0.0.20131108.vaadin1/android-json-0.0.20131108.vaadin1.jar:/home/zhaocx/.m2/repository/org/springframework/spring-core/6.1.11/spring-core-6.1.11.jar:/home/zhaocx/.m2/repository/org/springframework/spring-jcl/6.1.11/spring-jcl-6.1.11.jar:/home/zhaocx/.m2/repository/org/springframework/spring-test/6.1.11/spring-test-6.1.11.jar:/home/zhaocx/.m2/repository/org/xmlunit/xmlunit-core/2.9.1/xmlunit-core-2.9.1.jar:/home/zhaocx/github/Java-Repo/projects/myemc_gms/myemc_gms_parent/myemc_gms_common/target/myemc_gms_common-1.0-SNAPSHOT.jar:/home/zhaocx/github/Java-Repo/projects/myemc_gms/myemc_gms_parent/myemc_gms_pojo/target/myemc_gms_pojo-1.0-SNAPSHOT.jar:/home/zhaocx/github/Java-Repo/projects/myemc_gms/myemc_gms_parent/myemc_gms_utils/target/myemc_gms_utils-1.0-SNAPSHOT.jar:/home/zhaocx/.m2/repository/org/projectlombok/lombok/1.18.34/lombok-1.18.34.jar:/home/zhaocx/.m2/repository/org/springframework/boot/spring-boot-configuration-processor/3.3.2/spring-boot-configuration-processor-3.3.2.jar:/home/zhaocx/.m2/repository/org/springframework/boot/spring-boot-starter-aop/3.3.0/spring-boot-starter-aop-3.3.0.jar:/home/zhaocx/.m2/repository/org/springframework/spring-aop/6.1.11/spring-aop-6.1.11.jar:/home/zhaocx/.m2/repository/org/aspectj/aspectjweaver/1.9.22.1/aspectjweaver-1.9.22.1.jar:/home/zhaocx/.m2/repository/cn/hutool/hutool-all/5.8.25/hutool-all-5.8.25.jar:/home/zhaocx/.m2/repository/io/jsonwebtoken/jjwt-api/0.11.2/jjwt-api-0.11.2.jar:/home/zhaocx/.m2/repository/io/jsonwebtoken/jjwt-impl/0.11.2/jjwt-impl-0.11.2.jar:/home/zhaocx/.m2/repository/io/jsonwebtoken/jjwt-jackson/0.11.2/jjwt-jackson-0.11.2.jar:/home/zhaocx/.m2/repository/com/fasterxml/jackson/core/jackson-databind/2.17.2/jackson-databind-2.17.2.jar:/home/zhaocx/.m2/repository/com/fasterxml/jackson/core/jackson-annotations/2.17.2/jackson-annotations-2.17.2.jar:/home/zhaocx/.m2/repository/com/alibaba/fastjson/1.2.83/fastjson-1.2.83.jar:/home/zhaocx/.m2/repository/mysql/mysql-connector-java/8.0.28/mysql-connector-java-8.0.28.jar:/home/zhaocx/.m2/repository/com/google/protobuf/protobuf-java/3.11.4/protobuf-java-3.11.4.jar:/home/zhaocx/.m2/repository/com/baomidou/mybatis-plus-spring-boot3-starter/3.5.7/mybatis-plus-spring-boot3-starter-3.5.7.jar:/home/zhaocx/.m2/repository/com/baomidou/mybatis-plus/3.5.7/mybatis-plus-3.5.7.jar:/home/zhaocx/.m2/repository/com/baomidou/mybatis-plus-core/3.5.7/mybatis-plus-core-3.5.7.jar:/home/zhaocx/.m2/repository/com/baomidou/mybatis-plus-extension/3.5.7/mybatis-plus-extension-3.5.7.jar:/home/zhaocx/.m2/repository/org/mybatis/mybatis/3.5.16/mybatis-3.5.16.jar:/home/zhaocx/.m2/repository/com/github/jsqlparser/jsqlparser/4.9/jsqlparser-4.9.jar:/home/zhaocx/.m2/repository/org/mybatis/mybatis-spring/3.0.3/mybatis-spring-3.0.3.jar:/home/zhaocx/.m2/repository/com/baomidou/mybatis-plus-spring-boot-autoconfigure/3.5.7/mybatis-plus-spring-boot-autoconfigure-3.5.7.jar:/home/zhaocx/.m2/repository/org/springframework/boot/spring-boot-autoconfigure/3.3.2/spring-boot-autoconfigure-3.3.2.jar:/home/zhaocx/.m2/repository/org/springframework/boot/spring-boot-starter-jdbc/3.3.2/spring-boot-starter-jdbc-3.3.2.jar:/home/zhaocx/.m2/repository/com/zaxxer/HikariCP/5.1.0/HikariCP-5.1.0.jar:/home/zhaocx/.m2/repository/org/springframework/spring-jdbc/6.1.11/spring-jdbc-6.1.11.jar:/home/zhaocx/.m2/repository/com/baomidou/mybatis-plus-annotation/3.5.7/mybatis-plus-annotation-3.5.7.jar:/home/zhaocx/.m2/repository/org/springframework/boot/spring-boot-starter-data-redis/3.3.2/spring-boot-starter-data-redis-3.3.2.jar:/home/zhaocx/.m2/repository/io/lettuce/lettuce-core/6.3.2.RELEASE/lettuce-core-6.3.2.RELEASE.jar:/home/zhaocx/.m2/repository/org/springframework/data/spring-data-redis/3.3.2/spring-data-redis-3.3.2.jar:/home/zhaocx/.m2/repository/org/springframework/data/spring-data-keyvalue/3.3.2/spring-data-keyvalue-3.3.2.jar:/home/zhaocx/.m2/repository/org/springframework/data/spring-data-commons/3.3.2/spring-data-commons-3.3.2.jar:/home/zhaocx/.m2/repository/org/springframework/spring-tx/6.1.11/spring-tx-6.1.11.jar:/home/zhaocx/.m2/repository/org/springframework/spring-oxm/6.1.11/spring-oxm-6.1.11.jar:/home/zhaocx/.m2/repository/org/springframework/spring-context-support/6.1.11/spring-context-support-6.1.11.jar:/home/zhaocx/.m2/repository/org/apache/commons/commons-pool2/2.12.0/commons-pool2-2.12.0.jar:/home/zhaocx/.m2/repository/org/junit/jupiter/junit-jupiter-api/5.10.3/junit-jupiter-api-5.10.3.jar:/home/zhaocx/.m2/repository/org/opentest4j/opentest4j/1.3.0/opentest4j-1.3.0.jar:/home/zhaocx/.m2/repository/org/junit/platform/junit-platform-commons/1.10.3/junit-platform-commons-1.10.3.jar:/home/zhaocx/.m2/repository/org/apiguardian/apiguardian-api/1.1.2/apiguardian-api-1.1.2.jar:/home/zhaocx/.m2/repository/org/redisson/redisson/3.13.6/redisson-3.13.6.jar:/home/zhaocx/.m2/repository/io/netty/netty-common/4.1.111.Final/netty-common-4.1.111.Final.jar:/home/zhaocx/.m2/repository/io/netty/netty-codec/4.1.111.Final/netty-codec-4.1.111.Final.jar:/home/zhaocx/.m2/repository/io/netty/netty-buffer/4.1.111.Final/netty-buffer-4.1.111.Final.jar:/home/zhaocx/.m2/repository/io/netty/netty-transport/4.1.111.Final/netty-transport-4.1.111.Final.jar:/home/zhaocx/.m2/repository/io/netty/netty-resolver/4.1.111.Final/netty-resolver-4.1.111.Final.jar:/home/zhaocx/.m2/repository/io/netty/netty-resolver-dns/4.1.111.Final/netty-resolver-dns-4.1.111.Final.jar:/home/zhaocx/.m2/repository/io/netty/netty-codec-dns/4.1.111.Final/netty-codec-dns-4.1.111.Final.jar:/home/zhaocx/.m2/repository/io/netty/netty-handler/4.1.111.Final/netty-handler-4.1.111.Final.jar:/home/zhaocx/.m2/repository/io/netty/netty-transport-native-unix-common/4.1.111.Final/netty-transport-native-unix-common-4.1.111.Final.jar:/home/zhaocx/.m2/repository/javax/cache/cache-api/1.1.1/cache-api-1.1.1.jar:/home/zhaocx/.m2/repository/io/projectreactor/reactor-core/3.6.8/reactor-core-3.6.8.jar:/home/zhaocx/.m2/repository/org/reactivestreams/reactive-streams/1.0.4/reactive-streams-1.0.4.jar:/home/zhaocx/.m2/repository/io/reactivex/rxjava2/rxjava/2.2.19/rxjava-2.2.19.jar:/home/zhaocx/.m2/repository/org/jboss/marshalling/jboss-marshalling-river/2.0.10.Final/jboss-marshalling-river-2.0.10.Final.jar:/home/zhaocx/.m2/repository/org/jboss/marshalling/jboss-marshalling/2.0.10.Final/jboss-marshalling-2.0.10.Final.jar:/home/zhaocx/.m2/repository/org/slf4j/slf4j-api/2.0.13/slf4j-api-2.0.13.jar:/home/zhaocx/.m2/repository/org/yaml/snakeyaml/2.2/snakeyaml-2.2.jar:/home/zhaocx/.m2/repository/com/fasterxml/jackson/dataformat/jackson-dataformat-yaml/2.17.2/jackson-dataformat-yaml-2.17.2.jar:/home/zhaocx/.m2/repository/com/fasterxml/jackson/core/jackson-core/2.17.2/jackson-core-2.17.2.jar:/home/zhaocx/.m2/repository/net/bytebuddy/byte-buddy/1.14.18/byte-buddy-1.14.18.jar:/home/zhaocx/.m2/repository/org/jodd/jodd-bean/5.1.6/jodd-bean-5.1.6.jar:/home/zhaocx/.m2/repository/org/jodd/jodd-core/5.1.6/jodd-core-5.1.6.jar:"/>
    <property name="java.vm.vendor" value="Ubuntu"/>
    <property name="sun.arch.data.model" value="64"/>
    <property name="java.vendor.url" value="https://ubuntu.com/"/>
    <property name="user.timezone" value="Asia/Shanghai"/>
    <property name="os.name" value="Linux"/>
    <property name="java.vm.specification.version" value="17"/>
    <property name="sun.java.launcher" value="SUN_STANDARD"/>
    <property name="user.country" value="US"/>
    <property name="sun.boot.library.path" value="/usr/lib/jvm/java-17-openjdk-amd64/lib"/>
    <property name="sun.java.command" value="/home/zhaocx/github/Java-Repo/projects/myemc_gms/myemc_gms_parent/myemc_gms_main/target/surefire/surefirebooter-20240902164005050_3.jar /home/zhaocx/github/Java-Repo/projects/myemc_gms/myemc_gms_parent/myemc_gms_main/target/surefire 2024-09-02T16-39-59_624-jvmRun1 surefire-20240902164005050_1tmp surefire_0-20240902164005050_2tmp"/>
    <property name="jdk.debug" value="release"/>
    <property name="surefire.test.class.path" value="/home/zhaocx/github/Java-Repo/projects/myemc_gms/myemc_gms_parent/myemc_gms_main/target/test-classes:/home/zhaocx/github/Java-Repo/projects/myemc_gms/myemc_gms_parent/myemc_gms_main/target/classes:/home/zhaocx/.m2/repository/org/springframework/boot/spring-boot-starter-web/3.3.2/spring-boot-starter-web-3.3.2.jar:/home/zhaocx/.m2/repository/org/springframework/boot/spring-boot-starter/3.3.2/spring-boot-starter-3.3.2.jar:/home/zhaocx/.m2/repository/org/springframework/boot/spring-boot/3.3.2/spring-boot-3.3.2.jar:/home/zhaocx/.m2/repository/org/springframework/boot/spring-boot-starter-logging/3.3.2/spring-boot-starter-logging-3.3.2.jar:/home/zhaocx/.m2/repository/ch/qos/logback/logback-classic/1.5.6/logback-classic-1.5.6.jar:/home/zhaocx/.m2/repository/ch/qos/logback/logback-core/1.5.6/logback-core-1.5.6.jar:/home/zhaocx/.m2/repository/org/apache/logging/log4j/log4j-to-slf4j/2.23.1/log4j-to-slf4j-2.23.1.jar:/home/zhaocx/.m2/repository/org/apache/logging/log4j/log4j-api/2.23.1/log4j-api-2.23.1.jar:/home/zhaocx/.m2/repository/org/slf4j/jul-to-slf4j/2.0.13/jul-to-slf4j-2.0.13.jar:/home/zhaocx/.m2/repository/jakarta/annotation/jakarta.annotation-api/2.1.1/jakarta.annotation-api-2.1.1.jar:/home/zhaocx/.m2/repository/org/springframework/boot/spring-boot-starter-json/3.3.2/spring-boot-starter-json-3.3.2.jar:/home/zhaocx/.m2/repository/com/fasterxml/jackson/datatype/jackson-datatype-jdk8/2.17.2/jackson-datatype-jdk8-2.17.2.jar:/home/zhaocx/.m2/repository/com/fasterxml/jackson/datatype/jackson-datatype-jsr310/2.17.2/jackson-datatype-jsr310-2.17.2.jar:/home/zhaocx/.m2/repository/com/fasterxml/jackson/module/jackson-module-parameter-names/2.17.2/jackson-module-parameter-names-2.17.2.jar:/home/zhaocx/.m2/repository/org/springframework/boot/spring-boot-starter-tomcat/3.3.2/spring-boot-starter-tomcat-3.3.2.jar:/home/zhaocx/.m2/repository/org/apache/tomcat/embed/tomcat-embed-core/10.1.26/tomcat-embed-core-10.1.26.jar:/home/zhaocx/.m2/repository/org/apache/tomcat/embed/tomcat-embed-el/10.1.26/tomcat-embed-el-10.1.26.jar:/home/zhaocx/.m2/repository/org/apache/tomcat/embed/tomcat-embed-websocket/10.1.26/tomcat-embed-websocket-10.1.26.jar:/home/zhaocx/.m2/repository/org/springframework/spring-web/6.1.11/spring-web-6.1.11.jar:/home/zhaocx/.m2/repository/org/springframework/spring-beans/6.1.11/spring-beans-6.1.11.jar:/home/zhaocx/.m2/repository/io/micrometer/micrometer-observation/1.13.2/micrometer-observation-1.13.2.jar:/home/zhaocx/.m2/repository/io/micrometer/micrometer-commons/1.13.2/micrometer-commons-1.13.2.jar:/home/zhaocx/.m2/repository/org/springframework/spring-webmvc/6.1.11/spring-webmvc-6.1.11.jar:/home/zhaocx/.m2/repository/org/springframework/spring-context/6.1.11/spring-context-6.1.11.jar:/home/zhaocx/.m2/repository/org/springframework/spring-expression/6.1.11/spring-expression-6.1.11.jar:/home/zhaocx/.m2/repository/org/springframework/boot/spring-boot-starter-test/3.3.2/spring-boot-starter-test-3.3.2.jar:/home/zhaocx/.m2/repository/org/springframework/boot/spring-boot-test/3.3.2/spring-boot-test-3.3.2.jar:/home/zhaocx/.m2/repository/org/springframework/boot/spring-boot-test-autoconfigure/3.3.2/spring-boot-test-autoconfigure-3.3.2.jar:/home/zhaocx/.m2/repository/com/jayway/jsonpath/json-path/2.9.0/json-path-2.9.0.jar:/home/zhaocx/.m2/repository/jakarta/xml/bind/jakarta.xml.bind-api/4.0.2/jakarta.xml.bind-api-4.0.2.jar:/home/zhaocx/.m2/repository/jakarta/activation/jakarta.activation-api/2.1.3/jakarta.activation-api-2.1.3.jar:/home/zhaocx/.m2/repository/net/minidev/json-smart/2.5.1/json-smart-2.5.1.jar:/home/zhaocx/.m2/repository/net/minidev/accessors-smart/2.5.1/accessors-smart-2.5.1.jar:/home/zhaocx/.m2/repository/org/ow2/asm/asm/9.6/asm-9.6.jar:/home/zhaocx/.m2/repository/org/assertj/assertj-core/3.25.3/assertj-core-3.25.3.jar:/home/zhaocx/.m2/repository/org/awaitility/awaitility/4.2.1/awaitility-4.2.1.jar:/home/zhaocx/.m2/repository/org/hamcrest/hamcrest/2.2/hamcrest-2.2.jar:/home/zhaocx/.m2/repository/org/junit/jupiter/junit-jupiter/5.10.3/junit-jupiter-5.10.3.jar:/home/zhaocx/.m2/repository/org/junit/jupiter/junit-jupiter-params/5.10.3/junit-jupiter-params-5.10.3.jar:/home/zhaocx/.m2/repository/org/junit/jupiter/junit-jupiter-engine/5.10.3/junit-jupiter-engine-5.10.3.jar:/home/zhaocx/.m2/repository/org/junit/platform/junit-platform-engine/1.10.3/junit-platform-engine-1.10.3.jar:/home/zhaocx/.m2/repository/org/mockito/mockito-core/5.11.0/mockito-core-5.11.0.jar:/home/zhaocx/.m2/repository/net/bytebuddy/byte-buddy-agent/1.14.18/byte-buddy-agent-1.14.18.jar:/home/zhaocx/.m2/repository/org/objenesis/objenesis/3.3/objenesis-3.3.jar:/home/zhaocx/.m2/repository/org/mockito/mockito-junit-jupiter/5.11.0/mockito-junit-jupiter-5.11.0.jar:/home/zhaocx/.m2/repository/org/skyscreamer/jsonassert/1.5.3/jsonassert-1.5.3.jar:/home/zhaocx/.m2/repository/com/vaadin/external/google/android-json/0.0.20131108.vaadin1/android-json-0.0.20131108.vaadin1.jar:/home/zhaocx/.m2/repository/org/springframework/spring-core/6.1.11/spring-core-6.1.11.jar:/home/zhaocx/.m2/repository/org/springframework/spring-jcl/6.1.11/spring-jcl-6.1.11.jar:/home/zhaocx/.m2/repository/org/springframework/spring-test/6.1.11/spring-test-6.1.11.jar:/home/zhaocx/.m2/repository/org/xmlunit/xmlunit-core/2.9.1/xmlunit-core-2.9.1.jar:/home/zhaocx/github/Java-Repo/projects/myemc_gms/myemc_gms_parent/myemc_gms_common/target/myemc_gms_common-1.0-SNAPSHOT.jar:/home/zhaocx/github/Java-Repo/projects/myemc_gms/myemc_gms_parent/myemc_gms_pojo/target/myemc_gms_pojo-1.0-SNAPSHOT.jar:/home/zhaocx/github/Java-Repo/projects/myemc_gms/myemc_gms_parent/myemc_gms_utils/target/myemc_gms_utils-1.0-SNAPSHOT.jar:/home/zhaocx/.m2/repository/org/projectlombok/lombok/1.18.34/lombok-1.18.34.jar:/home/zhaocx/.m2/repository/org/springframework/boot/spring-boot-configuration-processor/3.3.2/spring-boot-configuration-processor-3.3.2.jar:/home/zhaocx/.m2/repository/org/springframework/boot/spring-boot-starter-aop/3.3.0/spring-boot-starter-aop-3.3.0.jar:/home/zhaocx/.m2/repository/org/springframework/spring-aop/6.1.11/spring-aop-6.1.11.jar:/home/zhaocx/.m2/repository/org/aspectj/aspectjweaver/1.9.22.1/aspectjweaver-1.9.22.1.jar:/home/zhaocx/.m2/repository/cn/hutool/hutool-all/5.8.25/hutool-all-5.8.25.jar:/home/zhaocx/.m2/repository/io/jsonwebtoken/jjwt-api/0.11.2/jjwt-api-0.11.2.jar:/home/zhaocx/.m2/repository/io/jsonwebtoken/jjwt-impl/0.11.2/jjwt-impl-0.11.2.jar:/home/zhaocx/.m2/repository/io/jsonwebtoken/jjwt-jackson/0.11.2/jjwt-jackson-0.11.2.jar:/home/zhaocx/.m2/repository/com/fasterxml/jackson/core/jackson-databind/2.17.2/jackson-databind-2.17.2.jar:/home/zhaocx/.m2/repository/com/fasterxml/jackson/core/jackson-annotations/2.17.2/jackson-annotations-2.17.2.jar:/home/zhaocx/.m2/repository/com/alibaba/fastjson/1.2.83/fastjson-1.2.83.jar:/home/zhaocx/.m2/repository/mysql/mysql-connector-java/8.0.28/mysql-connector-java-8.0.28.jar:/home/zhaocx/.m2/repository/com/google/protobuf/protobuf-java/3.11.4/protobuf-java-3.11.4.jar:/home/zhaocx/.m2/repository/com/baomidou/mybatis-plus-spring-boot3-starter/3.5.7/mybatis-plus-spring-boot3-starter-3.5.7.jar:/home/zhaocx/.m2/repository/com/baomidou/mybatis-plus/3.5.7/mybatis-plus-3.5.7.jar:/home/zhaocx/.m2/repository/com/baomidou/mybatis-plus-core/3.5.7/mybatis-plus-core-3.5.7.jar:/home/zhaocx/.m2/repository/com/baomidou/mybatis-plus-extension/3.5.7/mybatis-plus-extension-3.5.7.jar:/home/zhaocx/.m2/repository/org/mybatis/mybatis/3.5.16/mybatis-3.5.16.jar:/home/zhaocx/.m2/repository/com/github/jsqlparser/jsqlparser/4.9/jsqlparser-4.9.jar:/home/zhaocx/.m2/repository/org/mybatis/mybatis-spring/3.0.3/mybatis-spring-3.0.3.jar:/home/zhaocx/.m2/repository/com/baomidou/mybatis-plus-spring-boot-autoconfigure/3.5.7/mybatis-plus-spring-boot-autoconfigure-3.5.7.jar:/home/zhaocx/.m2/repository/org/springframework/boot/spring-boot-autoconfigure/3.3.2/spring-boot-autoconfigure-3.3.2.jar:/home/zhaocx/.m2/repository/org/springframework/boot/spring-boot-starter-jdbc/3.3.2/spring-boot-starter-jdbc-3.3.2.jar:/home/zhaocx/.m2/repository/com/zaxxer/HikariCP/5.1.0/HikariCP-5.1.0.jar:/home/zhaocx/.m2/repository/org/springframework/spring-jdbc/6.1.11/spring-jdbc-6.1.11.jar:/home/zhaocx/.m2/repository/com/baomidou/mybatis-plus-annotation/3.5.7/mybatis-plus-annotation-3.5.7.jar:/home/zhaocx/.m2/repository/org/springframework/boot/spring-boot-starter-data-redis/3.3.2/spring-boot-starter-data-redis-3.3.2.jar:/home/zhaocx/.m2/repository/io/lettuce/lettuce-core/6.3.2.RELEASE/lettuce-core-6.3.2.RELEASE.jar:/home/zhaocx/.m2/repository/org/springframework/data/spring-data-redis/3.3.2/spring-data-redis-3.3.2.jar:/home/zhaocx/.m2/repository/org/springframework/data/spring-data-keyvalue/3.3.2/spring-data-keyvalue-3.3.2.jar:/home/zhaocx/.m2/repository/org/springframework/data/spring-data-commons/3.3.2/spring-data-commons-3.3.2.jar:/home/zhaocx/.m2/repository/org/springframework/spring-tx/6.1.11/spring-tx-6.1.11.jar:/home/zhaocx/.m2/repository/org/springframework/spring-oxm/6.1.11/spring-oxm-6.1.11.jar:/home/zhaocx/.m2/repository/org/springframework/spring-context-support/6.1.11/spring-context-support-6.1.11.jar:/home/zhaocx/.m2/repository/org/apache/commons/commons-pool2/2.12.0/commons-pool2-2.12.0.jar:/home/zhaocx/.m2/repository/org/junit/jupiter/junit-jupiter-api/5.10.3/junit-jupiter-api-5.10.3.jar:/home/zhaocx/.m2/repository/org/opentest4j/opentest4j/1.3.0/opentest4j-1.3.0.jar:/home/zhaocx/.m2/repository/org/junit/platform/junit-platform-commons/1.10.3/junit-platform-commons-1.10.3.jar:/home/zhaocx/.m2/repository/org/apiguardian/apiguardian-api/1.1.2/apiguardian-api-1.1.2.jar:/home/zhaocx/.m2/repository/org/redisson/redisson/3.13.6/redisson-3.13.6.jar:/home/zhaocx/.m2/repository/io/netty/netty-common/4.1.111.Final/netty-common-4.1.111.Final.jar:/home/zhaocx/.m2/repository/io/netty/netty-codec/4.1.111.Final/netty-codec-4.1.111.Final.jar:/home/zhaocx/.m2/repository/io/netty/netty-buffer/4.1.111.Final/netty-buffer-4.1.111.Final.jar:/home/zhaocx/.m2/repository/io/netty/netty-transport/4.1.111.Final/netty-transport-4.1.111.Final.jar:/home/zhaocx/.m2/repository/io/netty/netty-resolver/4.1.111.Final/netty-resolver-4.1.111.Final.jar:/home/zhaocx/.m2/repository/io/netty/netty-resolver-dns/4.1.111.Final/netty-resolver-dns-4.1.111.Final.jar:/home/zhaocx/.m2/repository/io/netty/netty-codec-dns/4.1.111.Final/netty-codec-dns-4.1.111.Final.jar:/home/zhaocx/.m2/repository/io/netty/netty-handler/4.1.111.Final/netty-handler-4.1.111.Final.jar:/home/zhaocx/.m2/repository/io/netty/netty-transport-native-unix-common/4.1.111.Final/netty-transport-native-unix-common-4.1.111.Final.jar:/home/zhaocx/.m2/repository/javax/cache/cache-api/1.1.1/cache-api-1.1.1.jar:/home/zhaocx/.m2/repository/io/projectreactor/reactor-core/3.6.8/reactor-core-3.6.8.jar:/home/zhaocx/.m2/repository/org/reactivestreams/reactive-streams/1.0.4/reactive-streams-1.0.4.jar:/home/zhaocx/.m2/repository/io/reactivex/rxjava2/rxjava/2.2.19/rxjava-2.2.19.jar:/home/zhaocx/.m2/repository/org/jboss/marshalling/jboss-marshalling-river/2.0.10.Final/jboss-marshalling-river-2.0.10.Final.jar:/home/zhaocx/.m2/repository/org/jboss/marshalling/jboss-marshalling/2.0.10.Final/jboss-marshalling-2.0.10.Final.jar:/home/zhaocx/.m2/repository/org/slf4j/slf4j-api/2.0.13/slf4j-api-2.0.13.jar:/home/zhaocx/.m2/repository/org/yaml/snakeyaml/2.2/snakeyaml-2.2.jar:/home/zhaocx/.m2/repository/com/fasterxml/jackson/dataformat/jackson-dataformat-yaml/2.17.2/jackson-dataformat-yaml-2.17.2.jar:/home/zhaocx/.m2/repository/com/fasterxml/jackson/core/jackson-core/2.17.2/jackson-core-2.17.2.jar:/home/zhaocx/.m2/repository/net/bytebuddy/byte-buddy/1.14.18/byte-buddy-1.14.18.jar:/home/zhaocx/.m2/repository/org/jodd/jodd-bean/5.1.6/jodd-bean-5.1.6.jar:/home/zhaocx/.m2/repository/org/jodd/jodd-core/5.1.6/jodd-core-5.1.6.jar:"/>
    <property name="sun.cpu.endian" value="little"/>
    <property name="user.home" value="/home/zhaocx"/>
    <property name="user.language" value="en"/>
    <property name="java.specification.vendor" value="Oracle Corporation"/>
    <property name="java.version.date" value="2024-07-16"/>
    <property name="java.home" value="/usr/lib/jvm/java-17-openjdk-amd64"/>
    <property name="file.separator" value="/"/>
    <property name="basedir" value="/home/zhaocx/github/Java-Repo/projects/myemc_gms/myemc_gms_parent/myemc_gms_main"/>
    <property name="java.vm.compressedOopsMode" value="32-bit"/>
    <property name="line.separator" value="&#10;"/>
    <property name="java.vm.specification.vendor" value="Oracle Corporation"/>
    <property name="java.specification.name" value="Java Platform API Specification"/>
    <property name="surefire.real.class.path" value="/home/zhaocx/github/Java-Repo/projects/myemc_gms/myemc_gms_parent/myemc_gms_main/target/surefire/surefirebooter-20240902164005050_3.jar"/>
    <property name="sun.management.compiler" value="HotSpot 64-Bit Tiered Compilers"/>
    <property name="java.runtime.version" value="17.0.12+7-Ubuntu-1ubuntu220.04"/>
    <property name="user.name" value="zhaocx"/>
    <property name="path.separator" value=":"/>
    <property name="os.version" value="5.4.0-193-generic"/>
    <property name="java.runtime.name" value="OpenJDK Runtime Environment"/>
    <property name="file.encoding" value="UTF-8"/>
    <property name="java.vm.name" value="OpenJDK 64-Bit Server VM"/>
    <property name="localRepository" value="/home/zhaocx/.m2/repository"/>
    <property name="java.vendor.url.bug" value="https://bugs.launchpad.net/ubuntu/+source/openjdk-17"/>
    <property name="java.io.tmpdir" value="/tmp"/>
    <property name="java.version" value="17.0.12"/>
    <property name="user.dir" value="/home/zhaocx/github/Java-Repo/projects/myemc_gms/myemc_gms_parent/myemc_gms_main"/>
    <property name="os.arch" value="amd64"/>
    <property name="java.vm.specification.name" value="Java Virtual Machine Specification"/>
    <property name="native.encoding" value="UTF-8"/>
    <property name="java.library.path" value="/usr/java/packages/lib:/usr/lib/x86_64-linux-gnu/jni:/lib/x86_64-linux-gnu:/usr/lib/x86_64-linux-gnu:/usr/lib/jni:/lib:/usr/lib"/>
    <property name="java.vm.info" value="mixed mode, sharing"/>
    <property name="java.vendor" value="Ubuntu"/>
    <property name="java.vm.version" value="17.0.12+7-Ubuntu-1ubuntu220.04"/>
    <property name="sun.io.unicode.encoding" value="UnicodeLittle"/>
    <property name="java.class.version" value="61.0"/>
  </properties>
  <testcase name="uniKeyGen" classname="com.vs.utils.RedisUtilTest" time="0.038">
    <system-out><![CDATA[21228006
]]></system-out>
  </testcase>
</testsuite>